Internal hierarchy is named BB_INTERIORBRID; Could not get info for art\w3d\bb\bb_interiorbridge.w3d
Internal mesh is named BB_MOUNTAINSMAL; Could not get info for art\w3d\bb\bb_mountainsmall.w3d
Internal mesh is named CBDOCKBRIDGE_01; Could not get info for art\w3d\cb\cbdockbridge_01_d1.w3d
Internal hierarchy is named CBDOCKBRIDGE_01; Could not get info for art\w3d\cb\cbdockbridge_01_d2.w3d
Internal hierarchy is named CBDOCKBRIDGE_01; Could not get info for art\w3d\cb\cbdockbridge_01_d3.w3d
Internal hierarchy is named CBDOLGULTOWER2B; Could not get info for art\w3d\cb\cbdolgultower2bl.w3d
Internal mesh is named CBDOLGULTOWER2; Could not get info for art\w3d\cb\cbdolgultower2c.w3d
Internal mesh is named PTGRASS03; Could not get info for art\w3d\ci\cine_bones02.w3d
Internal mesh is named PTGRASS03; Could not get info for art\w3d\ci\cine_bones03.w3d
Internal mesh is named PTGRASS03; Could not get info for art\w3d\ci\cine_bones04.w3d
Internal hierarchy is named EB_CEILINGUP02I; Could not get info for art\w3d\eb\eb_ceilingup02in.w3d
Internal hierarchy is named EB_CEILINGUP02O; Could not get info for art\w3d\eb\eb_ceilingup02out.w3d
Internal hierarchy is named EBBBATTLETWR_BI; Could not get info for art\w3d\eb\ebbbattletwr_bibl.w3d
Internal hierarchy is named EBFORTRESSRAM_D; Could not get info for art\w3d\eb\ebfortressram_d1.w3d
Internal animation is named EUHALDIR_CHRS_T; Could not get info for art\w3d\eu\euhaldir_chrs_t2.w3d
Internal animation is named EUHALDIR_IDLC_T; Could not get info for art\w3d\eu\euhaldir_idlc_t1.w3d
Internal animation is named EUHALDIR_IDLC_T; Could not get info for art\w3d\eu\euhaldir_idlc_t3.w3d
Internal animation is named EUHALDIR_IDLD_X; Could not get info for art\w3d\eu\euhaldir_idld_x1.w3d
Internal animation is named EUHALDIR_RUNO_T; Could not get info for art\w3d\eu\euhaldir_runo_t3.w3d
Internal animation is named EUHALDIR_RUNO_T; Could not get info for art\w3d\eu\euhaldir_runo_t4.w3d
Internal animation is named EUHALDIR_TNTSV1; Could not get info for art\w3d\eu\euhaldir_tntsv1_t2.w3d
Internal mesh is named PTGRASS03; Could not get info for art\w3d\gb\gbmtnewfinal.w3d
Unknown chunk 0xb00; Unknown chunk 0xb00; Unknown chunk 0xb00; Unknown chunk 0x1dfbbe97; Unknown chunk 0x4b3f5b31; Unknown chunk 0x80000000; Unknown chunk 0x80000000; Unknown chunk 0x80000000; Unknown chunk 0x80000000; Unknown chunk 0x80000000; Unknown chunk 0x80000000; Internal hierarchy is named GBWALLRAMPART; Could not get info for art\w3d\mb\mbwallrampart.w3d
Internal hierarchy is named GBWALLRAMPS; Could not get info for art\w3d\mb\mbwallramps.w3d
Internal animation is named MUBLKRIDER_WLKA; Could not get info for art\w3d\mu\mublkrider_wlkab.w3d
Internal hierarchy is named NBGOBLINLAIR_BI; Could not get info for art\w3d\nb\nbgoblinlair_bib.w3d
Internal hierarchy is named LIGHTNING; Could not get info for art\w3d\pl\plightning.w3d
Internal mesh is named PTGRASSEREG01; Could not get info for art\w3d\pt\ptgrassereg02.w3d
Internal mesh is named PTGRASSEREG01; Could not get info for art\w3d\pt\ptgrassereg03.w3d
Internal mesh is named PTGRASSEREG01; Could not get info for art\w3d\pt\ptgrassereg04.w3d
Internal mesh is named PTGRASSEREG01; Could not get info for art\w3d\pt\ptgrassereg05.w3d
Internal mesh is named RIPPLE01; Could not get info for art\w3d\p_\p_waterripples.w3d
Internal box is named RUARCHER_SKN.BOUNDINGBOX; Could not get info for art\w3d\ru\ruarcherbfme1_skn.w3d
Internal animation is named RUELROND_IDLC_T; Could not get info for art\w3d\ru\ruelrond_idlct3.w3d
Internal animation is named RUELROND_TNTSV1; Could not get info for art\w3d\ru\ruelrond_tntsv1_t2.w3d
Internal hierarchy is named RUPSNT_1_SKL; Could not get info for art\w3d\ru\rupsnt_2_skl.w3d
Internal container is named RUYEOBNR_SKN; Could not get info for art\w3d\ru\ruyeobnrbfme1_skn.w3d
Internal mesh is named PTGRASS03; Could not get info for art\w3d\sh\shell04brddur.w3d
Internal mesh is named PTGRASS03; Could not get info for art\w3d\sh\shellmap01.w3d
Internal mesh is named RIPPLE02; Could not get info for art\w3d\wa\waterripple02.w3d
Internal mesh is named RIPPLE03; Could not get info for art\w3d\wa\waterripple03.w3d
Internal hierarchy is named WBFISSURE_BIBV2; Could not get info for art\w3d\wb\wbfissure_bibv2l.w3d
Internal hierarchy is named GBWALLRAMPART; Could not get info for art\w3d\wb\wbwallrampart.w3d
Internal hierarchy is named GBWALLRAMPS; Could not get info for art\w3d\wb\wbwallramps.w3d
Asset A*IUSIEGBALL_SKL.IUSIEGBALL_IDLA has same ID as EBSIEGE.EBBARRACKS01!!!
Asset BARRELS&BOXES in file barrels&boxes.w3d depends on unknown asset boxes_barrels_color.tga.
Asset BARRELS&BOXES2 in file barrels&boxes2.w3d depends on unknown asset boxes_barrels_color.tga.
Asset BBBAGS in file bbbags.w3d depends on unknown asset boxes_barrels_color.tga.
Asset BBBAGS in file bbbags.w3d depends on unknown asset boxes_barrels_color2.tga.
Asset BOATWAKEFX in file boatwakefx.w3d depends on unknown asset shroud.dds.
Asset BOATWAKEFX in file boatwakefx.w3d depends on unknown asset tropicalenv.tga.
Asset BOATWAKEFX in file boatwakefx.w3d depends on unknown asset waterreflection.dds.
Asset BOXES in file boxes.w3d depends on unknown asset boxes_color.tga.
Asset CINE_MTDOOMB.COLOR in file cine_mtdoomb.w3d depends on unknown asset excloudrs17.tga.
Asset CINE_MTDOOMB.HIGHLIGHT in file cine_mtdoomb.w3d depends on unknown asset excloudrs18.tga.
Asset CINE_MTDOOMB.OBJECT__0 in file cine_mtdoomb.w3d depends on unknown asset cine_mtdooma.tga.
Asset CINE_MUBANR01.OBJ0 in file cine_mubanr01.w3d depends on unknown asset xb_gas_01.tga.
Asset CINE_PHIAL.PHIAL in file cine_phial.w3d depends on unknown asset rpphial.tga.
Asset CINE_VORTEX.CYLINDER01 in file cine_vortex.w3d depends on unknown asset excloudrs20.tga.
Asset CINE_VORTEX.COLOR in file cine_vortex.w3d depends on unknown asset excloudrs17.tga.
Asset CINE_VORTEX.HIGHLIGHT in file cine_vortex.w3d depends on unknown asset excloudrs18.tga.
Asset CUCROW_A.CROW in file cucrow_a.w3d depends on unknown asset cucrow.tga.
Asset CUFELLWRTH_SKN.FELL_BEAST in file cufellwrth_skn.w3d depends on unknown asset cufellbstwrth.tga.
Asset CUFELLWRTH_SKN.WINGS in file cufellwrth_skn.w3d depends on unknown asset cufllbstwrthwngs.tga.
Asset DUPHALANX_TEMP in file duphalanx_temp.w3d depends on unknown asset duphalanx_temp.boundingbox.
Asset EBBBATTLETWR_A in file ebbbattletwr_a.w3d depends on unknown asset ebbbattletwr_a.ebbbattletwr.
Asset EUDWARF_SKN.DWARFAXE_C in file eudwarf_skn.w3d depends on unknown asset eudwarfaxe_d.tga.
Asset EUGLRFDL_TMPA in file euglrfdl_tmpa.w3d depends on unknown asset euglrfdl_tmpa.boundingbox.
Asset EUHALDIR_CINA in file euhaldir_cina.w3d depends on unknown asset euhaldir_cina.boundingbox.
Asset EUHALDIR_CINSKN in file euhaldir_cinskn.w3d depends on unknown asset euhaldir_cinskn.boundingbox.
Asset FENCE in file fence.w3d depends on unknown asset fence_color.tga.
Asset FPTREE01D2 in file fptree01d2.w3d depends on unknown asset fptree01d1.tga.
Asset GBBARRACKSN2D2.BIB in file gbbarracksn2d2.w3d depends on unknown asset gbbarracks_bibd.tga.
Asset GBCAMPWALLC.BOX02 in file gbcampwallc.w3d depends on unknown asset gb_wall_camp.tga.
Asset GBCASTLEWALLSBT.BTPLAQUE in file gbcastlewallsbt.w3d depends on unknown asset gbwallbticon.tga.
Asset GBCATACOMBSD1.OBJECT04 in file gbcatacombsd1.w3d depends on unknown asset gbctcompsd.tga.
Asset GBCATACOMBSD2.OBJECT04 in file gbcatacombsd2.w3d depends on unknown asset gbctcompsd.tga.
Asset GBCBARRACKS.GBCBARRACKS in file gbcbarracks.w3d depends on unknown asset gbbarracks_newa.tga.
Asset GBCBARRACKS.GBCBARRACKS in file gbcbarracks.w3d depends on unknown asset gbbarracks_newb.tga.
Asset GBCFOUNDATION in file gbcfoundation.w3d depends on unknown asset gbground.tga.
Asset GBCSIGFIRE.BOX01 in file gbcsigfire.w3d depends on unknown asset pg04t.tga.
Asset GBCWALL.GBCTOWER in file gbcwall.w3d depends on unknown asset gbfs02.tga.
Asset GBFARM_D.GBFARM_PLANE in file gbfarm_d.w3d depends on unknown asset gbground.tga.
Asset GBFORBIDPOOL1.MOUNTAIN in file gbforbidpool1.w3d depends on unknown asset gbforbidpool01.tga.
Asset GBFSETTEST.GBFACTIONSET2 in file gbfsettest.w3d depends on unknown asset gbfs02.tga.
Asset GBFSETTEST.GBFACTIONSET3 in file gbfsettest.w3d depends on unknown asset gbfs03.tga.
Asset GBFSGATE.DOORL in file gbfsgate.w3d depends on unknown asset gbmtgatedoor.tga.
Asset GBFSGATE.DOORR in file gbfsgate.w3d depends on unknown asset gbmtgatedoor.tga.
Asset GBFSTOWER.GBFSTOWER in file gbfstower.w3d depends on unknown asset gbfs02.tga.
Asset GBHSEHEAL.PMFOUNTAIN03 in file gbhseheal.w3d depends on unknown asset pmfountn.tga.
Asset GBHSEHEAL.PMFOUNTAIN02 in file gbhseheal.w3d depends on unknown asset pmfountn.tga.
Asset GBHSEHEAL.PMFOUNTAIN01 in file gbhseheal.w3d depends on unknown asset pmfountn.tga.
Asset GBHSEHEAL.GBHSEHEAL in file gbhseheal.w3d depends on unknown asset gbhseheal.tga.
Asset GBHSEHEAL.GB_PLANE02 in file gbhseheal.w3d depends on unknown asset gbhseheal.tga.
Asset GBHSEHEAL_D.PMFOUNTAIN03 in file gbhseheal_d.w3d depends on unknown asset pmfountn.tga.
Asset GBHSEHEAL_D.PMFOUNTAIN02 in file gbhseheal_d.w3d depends on unknown asset pmfountn.tga.
Asset GBHSEHEAL_D.PMFOUNTAIN01 in file gbhseheal_d.w3d depends on unknown asset pmfountn.tga.
Asset GBITHBRDG.OSBRIDGERAMP02 in file gbithbrdg.w3d depends on unknown asset gbithbrdg.tga.
Asset GBITHBRDG.OSBRIDGERAMP01 in file gbithbrdg.w3d depends on unknown asset gbithbrdg.tga.
Asset GBITHBRDG.OSBRIDGECPTOP in file gbithbrdg.w3d depends on unknown asset gbithbrdg.tga.
Asset GBITHBRDG.BRIDGEITHI in file gbithbrdg.w3d depends on unknown asset gbithbrdg.tga.
Asset GBLITEBALL.ELECTRICSPHERE in file gbliteball.w3d depends on unknown asset exlighteningtexanim.tga.
Asset GBMGROUND1.GBMGROUND1 in file gbmground1.w3d depends on unknown asset gbmt12.tga.
Asset GBMGROUND2 in file gbmground2.w3d depends on unknown asset gbm02.tga.
Asset GBMGROUND3 in file gbmground3.w3d depends on unknown asset gbm02.tga.
Asset GBMMAGICDOOR.BOX01 in file gbmmagicdoor.w3d depends on unknown asset magic_door_tk1.tga.
Asset GBMTGAMETEST.OBJECT01 in file gbmtgametest.w3d depends on unknown asset gbmt01.tga.
Asset GBMTGAMETEST.GBMTGATEDRL in file gbmtgametest.w3d depends on unknown asset gbmtgatedoor.tga.
Asset GBMTGAMETEST.GBMTGATEDRR in file gbmtgametest.w3d depends on unknown asset gbmtgatedoor.tga.
Asset GBMTGAMETEST.REF_FLOOR in file gbmtgametest.w3d depends on unknown asset gbmt01.tga.
Asset GBMTGAMETEST.1169 in file gbmtgametest.w3d depends on unknown asset gbmt01.tga.
Asset GBMTGAMETEST.1168 in file gbmtgametest.w3d depends on unknown asset gbmt01.tga.
Asset GBMTGAMETEST.1167 in file gbmtgametest.w3d depends on unknown asset gbmt01.tga.
Asset GBMTGAMETEST.1166 in file gbmtgametest.w3d depends on unknown asset gbmt01.tga.
Asset GBMTGAMETEST.1165 in file gbmtgametest.w3d depends on unknown asset gbmt01.tga.
Asset GBMTGAMETEST.1164 in file gbmtgametest.w3d depends on unknown asset gbmt01.tga.
Asset GBMTGAMETEST.1163 in file gbmtgametest.w3d depends on unknown asset gbmt01.tga.
Asset GBMTGAMETEST.1162 in file gbmtgametest.w3d depends on unknown asset gbmt01.tga.
Asset GBMTGAMETEST.1071 in file gbmtgametest.w3d depends on unknown asset gbmt01.tga.
Asset GBMTGAMETEST.1070 in file gbmtgametest.w3d depends on unknown asset gbmt01.tga.
Asset GBMTGAMETEST.1069 in file gbmtgametest.w3d depends on unknown asset gbmt01.tga.
Asset GBMTGAMETEST.1068 in file gbmtgametest.w3d depends on unknown asset gbmt01.tga.
Asset GBMTGAMETEST.1067 in file gbmtgametest.w3d depends on unknown asset gbmt01.tga.
Asset GBMTGAMETEST.1066 in file gbmtgametest.w3d depends on unknown asset gbmt01.tga.
Asset GBMTGAMETEST.1065 in file gbmtgametest.w3d depends on unknown asset gbmt01.tga.
Asset GBMTGAMETEST.1064 in file gbmtgametest.w3d depends on unknown asset gbmt01.tga.
Asset GBMTGAMETEST.1063 in file gbmtgametest.w3d depends on unknown asset gbmt01.tga.
Asset GBMTGAMETEST.1062 in file gbmtgametest.w3d depends on unknown asset gbmt01.tga.
Asset GBMTGAMETEST.1061 in file gbmtgametest.w3d depends on unknown asset gbmt01.tga.
Asset GBMTGAMETEST.1060 in file gbmtgametest.w3d depends on unknown asset gbmt01.tga.
Asset GBMTGAMETEST.1059 in file gbmtgametest.w3d depends on unknown asset gbmt01.tga.
Asset GBMTGAMETEST.1058 in file gbmtgametest.w3d depends on unknown asset gbmt01.tga.
Asset GBMTGAMETEST.1057 in file gbmtgametest.w3d depends on unknown asset gbmt01.tga.
Asset GBMTGAMETEST.1056 in file gbmtgametest.w3d depends on unknown asset gbmt01.tga.
Asset GBMTGAMETEST.1055 in file gbmtgametest.w3d depends on unknown asset gbmt01.tga.
Asset GBMTGAMETEST.1054 in file gbmtgametest.w3d depends on unknown asset gbmt01.tga.
Asset GBMTGAMETEST.1053 in file gbmtgametest.w3d depends on unknown asset gbmt01.tga.
Asset GBMTGAMETEST.1052 in file gbmtgametest.w3d depends on unknown asset gbmt01.tga.
Asset GBMTGAMETEST.1051 in file gbmtgametest.w3d depends on unknown asset gbmt01.tga.
Asset GBMTGAMETEST.1050 in file gbmtgametest.w3d depends on unknown asset gbmt01.tga.
Asset GBMTGAMETEST.1049 in file gbmtgametest.w3d depends on unknown asset gbmt01.tga.
Asset GBMTGAMETEST.1048 in file gbmtgametest.w3d depends on unknown asset gbmt01.tga.
Asset GBMTGAMETEST.1047 in file gbmtgametest.w3d depends on unknown asset gbmt01.tga.
Asset GBMTGAMETEST.1046 in file gbmtgametest.w3d depends on unknown asset gbmt01.tga.
Asset GBMTGAMETEST.1045 in file gbmtgametest.w3d depends on unknown asset gbmt01.tga.
Asset GBMTGAMETEST.1044 in file gbmtgametest.w3d depends on unknown asset gbmt01.tga.
Asset GBMTGAMETEST.1043 in file gbmtgametest.w3d depends on unknown asset gbmt01.tga.
Asset GBMTGAMETEST.1042 in file gbmtgametest.w3d depends on unknown asset gbmt01.tga.
Asset GBMTGAMETEST.1041 in file gbmtgametest.w3d depends on unknown asset gbmt01.tga.
Asset GBMTGAMETEST.1040 in file gbmtgametest.w3d depends on unknown asset gbmt01.tga.
Asset GBMTGAMETEST.1039 in file gbmtgametest.w3d depends on unknown asset gbmt01.tga.
Asset GBMTGAMETEST.1038 in file gbmtgametest.w3d depends on unknown asset gbmt01.tga.
Asset GBMTGAMETEST.1037 in file gbmtgametest.w3d depends on unknown asset gbmt01.tga.
Asset GBMTGAMETEST.1036 in file gbmtgametest.w3d depends on unknown asset gbmt01.tga.
Asset GBMTGAMETEST.1035 in file gbmtgametest.w3d depends on unknown asset gbmt01.tga.
Asset GBMTGAMETEST.1034 in file gbmtgametest.w3d depends on unknown asset gbmt01.tga.
Asset GBMTGAMETEST.1033 in file gbmtgametest.w3d depends on unknown asset gbmt01.tga.
Asset GBMTGAMETEST.1032 in file gbmtgametest.w3d depends on unknown asset gbmt01.tga.
Asset GBMTGAMETEST.1031 in file gbmtgametest.w3d depends on unknown asset gbmt01.tga.
Asset GBMTGAMETEST.1030 in file gbmtgametest.w3d depends on unknown asset gbmt01.tga.
Asset GBMTGAMETEST.1029 in file gbmtgametest.w3d depends on unknown asset gbmt01.tga.
Asset GBMTGAMETEST.1028 in file gbmtgametest.w3d depends on unknown asset gbmt01.tga.
Asset GBMTGAMETEST.1027 in file gbmtgametest.w3d depends on unknown asset gbmt01.tga.
Asset GBMTGAMETEST.1026 in file gbmtgametest.w3d depends on unknown asset gbmt01.tga.
Asset GBMTGAMETEST.1025 in file gbmtgametest.w3d depends on unknown asset gbmt01.tga.
Asset GBMTGAMETEST.1024 in file gbmtgametest.w3d depends on unknown asset gbmt01.tga.
Asset GBMTGAMETEST.1023 in file gbmtgametest.w3d depends on unknown asset gbmt01.tga.
Asset GBMTGAMETEST.1022 in file gbmtgametest.w3d depends on unknown asset gbmt01.tga.
Asset GBMTGAMETEST.1021 in file gbmtgametest.w3d depends on unknown asset gbmt01.tga.
Asset GBMTGAMETEST.1020 in file gbmtgametest.w3d depends on unknown asset gbmt01.tga.
Asset GBMTGAMETEST.GBMTTOPBUD5 in file gbmtgametest.w3d depends on unknown asset gbmt01.tga.
Asset GBMTGAMETEST.GBMTWALLARAMP07 in file gbmtgametest.w3d depends on unknown asset gbmt01.tga.
Asset GBMTGAMETEST.GBMTWALLARAMP06 in file gbmtgametest.w3d depends on unknown asset gbmt01.tga.
Asset GBMTGAMETEST.GBMTWALLARAMP05 in file gbmtgametest.w3d depends on unknown asset gbmt01.tga.
Asset GBMTGAMETEST.GBMTWALLARAMP04 in file gbmtgametest.w3d depends on unknown asset gbmt01.tga.
Asset GBMTGAMETEST.GBMTWALLARAMP03 in file gbmtgametest.w3d depends on unknown asset gbmt01.tga.
Asset GBMTGAMETEST.GBMTWALLARAMP02 in file gbmtgametest.w3d depends on unknown asset gbmt01.tga.
Asset GBMTGAMETEST.GBMTWALLARAMP01 in file gbmtgametest.w3d depends on unknown asset gbmt01.tga.
Asset GBMTGAMETEST.GBMTWALLARAMP in file gbmtgametest.w3d depends on unknown asset gbmt01.tga.
Asset GBMTGAMETEST.GBMTWALLE00 in file gbmtgametest.w3d depends on unknown asset gbmt01.tga.
Asset GBMTGAMETEST.RBMTWALLC10 in file gbmtgametest.w3d depends on unknown asset gbmt01.tga.
Asset GBMTGAMETEST.GBMTWALLB01 in file gbmtgametest.w3d depends on unknown asset gbmt01.tga.
Asset GBMTGAMETEST.GBMTWALLA18 in file gbmtgametest.w3d depends on unknown asset gbmt01.tga.
Asset GBMTGAMETEST.GBMTWALLA17 in file gbmtgametest.w3d depends on unknown asset gbmt01.tga.
Asset GBMTGAMETEST.GBMTWALLA16 in file gbmtgametest.w3d depends on unknown asset gbmt01.tga.
Asset GBMTGAMETEST.GBMTWALLA15 in file gbmtgametest.w3d depends on unknown asset gbmt01.tga.
Asset GBMTGAMETEST.GBMTWALLA14 in file gbmtgametest.w3d depends on unknown asset gbmt01.tga.
Asset GBMTGAMETEST.GBMTWALLA13 in file gbmtgametest.w3d depends on unknown asset gbmt01.tga.
Asset GBMTGAMETEST.GBMTWALLA12 in file gbmtgametest.w3d depends on unknown asset gbmt01.tga.
Asset GBMTGAMETEST.GBMTWALLA11 in file gbmtgametest.w3d depends on unknown asset gbmt01.tga.
Asset GBMTGAMETEST.GBMTWALLA10 in file gbmtgametest.w3d depends on unknown asset gbmt01.tga.
Asset GBMTGAMETEST.GBMTWALLA09 in file gbmtgametest.w3d depends on unknown asset gbmt01.tga.
Asset GBMTGAMETEST.GBMTWALLA08 in file gbmtgametest.w3d depends on unknown asset gbmt01.tga.
Asset GBMTGAMETEST.GBMTWALLA07 in file gbmtgametest.w3d depends on unknown asset gbmt01.tga.
Asset GBMTGAMETEST.GBMTWALLA06 in file gbmtgametest.w3d depends on unknown asset gbmt01.tga.
Asset GBMTGAMETEST.GBMTWALLA05 in file gbmtgametest.w3d depends on unknown asset gbmt01.tga.
Asset GBMTGAMETEST.GBMTWALLA04 in file gbmtgametest.w3d depends on unknown asset gbmt01.tga.
Asset GBMTGAMETEST.GBMTWALLA03 in file gbmtgametest.w3d depends on unknown asset gbmt01.tga.
Asset GBMTGAMETEST.GBMTWALLA02 in file gbmtgametest.w3d depends on unknown asset gbmt01.tga.
Asset GBMTGAMETEST.GBMTWALLA01 in file gbmtgametest.w3d depends on unknown asset gbmt01.tga.
Asset GBMTGAMETEST.GBMTWALLA in file gbmtgametest.w3d depends on unknown asset gbmt01.tga.
Asset GBMTGAMETEST.GBMTGATE in file gbmtgametest.w3d depends on unknown asset gbmt01.tga.
Asset GBMTGAMETEST.GBMTTOPALL4 in file gbmtgametest.w3d depends on unknown asset gbmtt02.tga.
Asset GBMTGAMETEST.GBMTTOPALL4 in file gbmtgametest.w3d depends on unknown asset gbmtt03.tga.
Asset GBMTGAMETEST.GBMTTOPALL4 in file gbmtgametest.w3d depends on unknown asset gbmtt04.tga.
Asset GBMTGAMETEST.GBMTTOPALL4 in file gbmtgametest.w3d depends on unknown asset mt_stone00.tga.
Asset GBMTGAMETEST.GBMTTOPALL4 in file gbmtgametest.w3d depends on unknown asset mt_stone01.tga.
Asset GBMTGAMETEST.GBMTTOPALL4 in file gbmtgametest.w3d depends on unknown asset mt_stoneflr.tga.
Asset GBMTGAMETEST.GBMTTOPALL3 in file gbmtgametest.w3d depends on unknown asset gbmtt02.tga.
Asset GBMTGAMETEST.GBMTTOPALL3 in file gbmtgametest.w3d depends on unknown asset gbmtt03.tga.
Asset GBMTGAMETEST.GBMTTOPALL3 in file gbmtgametest.w3d depends on unknown asset gbmtt04.tga.
Asset GBMTGAMETEST.GBMTTOPALL3 in file gbmtgametest.w3d depends on unknown asset mt_stone00.tga.
Asset GBMTGAMETEST.GBMTTOPALL3 in file gbmtgametest.w3d depends on unknown asset mt_stone01.tga.
Asset GBMTGAMETEST.GBMTTOPALL3 in file gbmtgametest.w3d depends on unknown asset mt_stoneflr.tga.
Asset GBMTGAMETEST.GBMTTOPALL2 in file gbmtgametest.w3d depends on unknown asset gbmtt02.tga.
Asset GBMTGAMETEST.GBMTTOPALL2 in file gbmtgametest.w3d depends on unknown asset gbmtt03.tga.
Asset GBMTGAMETEST.GBMTTOPALL2 in file gbmtgametest.w3d depends on unknown asset gbmtt04.tga.
Asset GBMTGAMETEST.GBMTTOPALL2 in file gbmtgametest.w3d depends on unknown asset mt_stone00.tga.
Asset GBMTGAMETEST.GBMTTOPALL2 in file gbmtgametest.w3d depends on unknown asset mt_stone01.tga.
Asset GBMTGAMETEST.GBMTTOPALL2 in file gbmtgametest.w3d depends on unknown asset mt_stoneflr.tga.
Asset GBMTGAMETEST.GBMTTOPALL1 in file gbmtgametest.w3d depends on unknown asset gbmtt01.tga.
Asset GBMTGAMETEST.GBMTTOPALL1 in file gbmtgametest.w3d depends on unknown asset gbmtt02.tga.
Asset GBMTGAMETEST.GBMTTOPALL1 in file gbmtgametest.w3d depends on unknown asset gbmtt03.tga.
Asset GBMTGAMETEST.GBMTTOPALL1 in file gbmtgametest.w3d depends on unknown asset mt_stone00.tga.
Asset GBMTGAMETEST.GBMTTOPALL1 in file gbmtgametest.w3d depends on unknown asset mt_stone01.tga.
Asset GBMTGAMETEST.GBMTTOPALL1 in file gbmtgametest.w3d depends on unknown asset mt_stoneflr.tga.
Asset GBMTGATE.GBMTGATEDRL in file gbmtgate.w3d depends on unknown asset gbmtgatedoor.tga.
Asset GBMTGATE.GBMTGATEDRR in file gbmtgate.w3d depends on unknown asset gbmtgatedoor.tga.
Asset GBMTGATE.GONDORMINSTRTHA in file gbmtgate.w3d depends on unknown asset gbmt01.tga.
Asset GBMTGATE.GBMTGATE in file gbmtgate.w3d depends on unknown asset gbmt01.tga.
Asset GBMTMOUNTAIN in file gbmtmountain.w3d depends on unknown asset tmcliff16a2.tga.
Asset GBMTOP6CINE.GBMTOP6 in file gbmtop6cine.w3d depends on unknown asset gbslvrtreeburntcine.tga.
Asset GBMTTOPBUD1 in file gbmttopbud1.w3d depends on unknown asset gbmt01.tga.
Asset GBMTTOPBUD2 in file gbmttopbud2.w3d depends on unknown asset gbmt01.tga.
Asset GBMTTOPBUD5 in file gbmttopbud5.w3d depends on unknown asset gbmt01.tga.
Asset GBMTTOPDETAIL.GBMTTOPALL4 in file gbmttopdetail.w3d depends on unknown asset gbmtt02.tga.
Asset GBMTTOPDETAIL.GBMTTOPALL4 in file gbmttopdetail.w3d depends on unknown asset gbmtt03.tga.
Asset GBMTTOPDETAIL.GBMTTOPALL4 in file gbmttopdetail.w3d depends on unknown asset gbmtt04.tga.
Asset GBMTTOPDETAIL.GBMTTOPALL4 in file gbmttopdetail.w3d depends on unknown asset mt_stone00.tga.
Asset GBMTTOPDETAIL.GBMTTOPALL4 in file gbmttopdetail.w3d depends on unknown asset mt_stone01.tga.
Asset GBMTTOPDETAIL.GBMTTOPALL4 in file gbmttopdetail.w3d depends on unknown asset mt_stoneflr.tga.
Asset GBMTTOPDETAIL.GBMTTOPALL3 in file gbmttopdetail.w3d depends on unknown asset gbmtt02.tga.
Asset GBMTTOPDETAIL.GBMTTOPALL3 in file gbmttopdetail.w3d depends on unknown asset gbmtt03.tga.
Asset GBMTTOPDETAIL.GBMTTOPALL3 in file gbmttopdetail.w3d depends on unknown asset gbmtt04.tga.
Asset GBMTTOPDETAIL.GBMTTOPALL3 in file gbmttopdetail.w3d depends on unknown asset mt_stone00.tga.
Asset GBMTTOPDETAIL.GBMTTOPALL3 in file gbmttopdetail.w3d depends on unknown asset mt_stone01.tga.
Asset GBMTTOPDETAIL.GBMTTOPALL3 in file gbmttopdetail.w3d depends on unknown asset mt_stoneflr.tga.
Asset GBMTTOPDETAIL.GBMTTOPALL2 in file gbmttopdetail.w3d depends on unknown asset gbmtt02.tga.
Asset GBMTTOPDETAIL.GBMTTOPALL2 in file gbmttopdetail.w3d depends on unknown asset gbmtt03.tga.
Asset GBMTTOPDETAIL.GBMTTOPALL2 in file gbmttopdetail.w3d depends on unknown asset gbmtt04.tga.
Asset GBMTTOPDETAIL.GBMTTOPALL2 in file gbmttopdetail.w3d depends on unknown asset mt_stone00.tga.
Asset GBMTTOPDETAIL.GBMTTOPALL2 in file gbmttopdetail.w3d depends on unknown asset mt_stone01.tga.
Asset GBMTTOPDETAIL.GBMTTOPALL2 in file gbmttopdetail.w3d depends on unknown asset mt_stoneflr.tga.
Asset GBMTTOPDETAIL.GBMTTOPALL1 in file gbmttopdetail.w3d depends on unknown asset gbmtt01.tga.
Asset GBMTTOPDETAIL.GBMTTOPALL1 in file gbmttopdetail.w3d depends on unknown asset gbmtt02.tga.
Asset GBMTTOPDETAIL.GBMTTOPALL1 in file gbmttopdetail.w3d depends on unknown asset gbmtt03.tga.
Asset GBMTTOPDETAIL.GBMTTOPALL1 in file gbmttopdetail.w3d depends on unknown asset mt_stone00.tga.
Asset GBMTTOPDETAIL.GBMTTOPALL1 in file gbmttopdetail.w3d depends on unknown asset mt_stone01.tga.
Asset GBMTTOPDETAIL.GBMTTOPALL1 in file gbmttopdetail.w3d depends on unknown asset mt_stoneflr.tga.
Asset GBMTWALLA.TORCH in file gbmtwalla.w3d depends on unknown asset gbmt01.tga.
Asset GBMTWALLA.GBMTWALLAADD in file gbmtwalla.w3d depends on unknown asset gbmt01.tga.
Asset GBMTWALLA.GBMTWALLA in file gbmtwalla.w3d depends on unknown asset gbmt01.tga.
Asset GBMTWALLARAMP.GBMTWALLARAMP in file gbmtwallaramp.w3d depends on unknown asset gbmt01.tga.
Asset GBMTWALLB.GBMTWALLBADD in file gbmtwallb.w3d depends on unknown asset gbmt01.tga.
Asset GBMTWALLB.GBMTWALLB in file gbmtwallb.w3d depends on unknown asset gbmt01.tga.
Asset GBMTWALLBRAMP.GBMTWALLBRAMP  in file gbmtwallbramp.w3d depends on unknown asset gbmt01.tga.
Asset GBMTWALLBRAMPC.GBMTWALLBRAMPC in file gbmtwallbrampc.w3d depends on unknown asset gbmt01.tga.
Asset GBMTWALLBUD05 in file gbmtwallbud05.w3d depends on unknown asset gbmt01.tga.
Asset GBMTWALLBUD06 in file gbmtwallbud06.w3d depends on unknown asset gbmt01.tga.
Asset GBMTWALLBUD07 in file gbmtwallbud07.w3d depends on unknown asset gbmt01.tga.
Asset GBMTWALLBUD20 in file gbmtwallbud20.w3d depends on unknown asset gbmt01.tga.
Asset GBMTWALLBUD21 in file gbmtwallbud21.w3d depends on unknown asset gbmt01.tga.
Asset GBMTWALLBUD22 in file gbmtwallbud22.w3d depends on unknown asset gbmt01.tga.
Asset GBMTWALLBUD27 in file gbmtwallbud27.w3d depends on unknown asset gbmt01.tga.
Asset GBMTWALLC.RBMTWALLCADD in file gbmtwallc.w3d depends on unknown asset gbmt01.tga.
Asset GBMTWALLC.RBMTWALLC in file gbmtwallc.w3d depends on unknown asset gbmt01.tga.
Asset GBMTWALLCRAMP.GBMTWALLCRAMP in file gbmtwallcramp.w3d depends on unknown asset gbmt01.tga.
Asset GBMTWALLD.RBMTWALLDADD in file gbmtwalld.w3d depends on unknown asset gbmt01.tga.
Asset GBMTWALLD in file gbmtwalld.w3d depends on unknown asset gbmtwalld.rbmtwalld.
Asset GBMTWALLDRAMP in file gbmtwalldramp.w3d depends on unknown asset gbmtwalldramp.gbmtwalldramp.
Asset GBMTWALLE.GBMTWALLEADD in file gbmtwalle.w3d depends on unknown asset gbmt01.tga.
Asset GBMTWALLE in file gbmtwalle.w3d depends on unknown asset gbmtwalle.gbmtwalle.
Asset GBMTWALLERAMP.GBMTWALLERAMP in file gbmtwalleramp.w3d depends on unknown asset gbmt01.tga.
Asset GBTORCH.TORCH in file gbtorch.w3d depends on unknown asset gbmtgatedoor.tga.
Asset GENRBGBVIL.PROPS in file genrbgbvil.w3d depends on unknown asset genrbgbvilp.tga.
Asset GENRBGBVIL.GPFLAG03 in file genrbgbvil.w3d depends on unknown asset genrbgbvilp.tga.
Asset GENRBGBVIL.RECTANGLE01 in file genrbgbvil.w3d depends on unknown asset rbgbcmpflr2.tga.
Asset GENRBGBVIL.BUILDINGS in file genrbgbvil.w3d depends on unknown asset genrbgbvil.tga.
Asset GPFLAG1.GPFLAG2 in file gpflag1.w3d depends on unknown asset pg03.tga.
Asset GPFLOOD.GUHORSEX in file gpflood.w3d depends on unknown asset cuhorse_water.tga.
Asset GPFLOOD.GUHORSE in file gpflood.w3d depends on unknown asset cuhorse_water.tga.
Asset GPFLOOD.GUHORSEA in file gpflood.w3d depends on unknown asset cuhorse_water.tga.
Asset GUCAVALRY_DEDA.SSHIELD in file gucavalry_deda.w3d depends on unknown asset gumaarmsgrad.tga.
Asset GUCAVALRY_DEDB.SSHIELD01 in file gucavalry_dedb.w3d depends on unknown asset gumaarmsgrad.tga.
Asset GUDEADMAA1.MANATARMS_03 in file gudeadmaa1.w3d depends on unknown asset gumanatarms04.tga.
Asset GUDEADMAA2.MANATARMS_03 in file gudeadmaa2.w3d depends on unknown asset gumanatarms04.tga.
Asset GUFORGESPARKS.SPARKPLANE in file guforgesparks.w3d depends on unknown asset exsparkseq.tga.
Asset GUFSGTREB_DIEA in file gufsgtreb_diea.w3d depends on unknown asset gufsgtreb_diea.boundingbox01.
Asset GUGANDALF_H in file gugandalf_h.w3d depends on unknown asset gugandalf_h.boundingbox.
Asset GUGANDALF_L in file gugandalf_l.w3d depends on unknown asset gugandalf_l.boundingbox.
Asset GUGANDALF_M in file gugandalf_m.w3d depends on unknown asset gugandalf_m.boundingbox.
Asset GUGANDALFBEAM.CYLINDER04 in file gugandalfbeam.w3d depends on unknown asset exlevelupbeam.tga.
Asset GUGANDALFBEAM.CYLINDER03 in file gugandalfbeam.w3d depends on unknown asset exlevelupbeam.tga.
Asset HDKI_PAVEMENT01.HDKI_PAVEMENT01 in file hdki_pavement01.w3d depends on unknown asset hdtempstoneps01.tga.
Asset HDKI_PAVEMENT01.HDKI_PAVEMENT01 in file hdki_pavement01.w3d depends on unknown asset hdtempstoneps02.tga.
Asset HOBBITPOST.HOBBITPOST in file hobbitpost.w3d depends on unknown asset hobbitpost1.tga.
Asset HOBBOAT.RING in file hobboat.w3d depends on unknown asset rufrodo_ring01.tga.
Asset IBWARGSNTY.OBJECT28 in file ibwargsnty.w3d depends on unknown asset bones.tga.
Asset IBWARGSNTY.OBJECT27 in file ibwargsnty.w3d depends on unknown asset bones.tga.
Asset IBWARGSNTY.CYLINDER88 in file ibwargsnty.w3d depends on unknown asset bones.tga.
Asset IBWARGSNTY.CYLINDER87 in file ibwargsnty.w3d depends on unknown asset bones.tga.
Asset IBWARGSNTY.OBJECT26 in file ibwargsnty.w3d depends on unknown asset bones.tga.
Asset IBWARGSNTY.CYLINDER86 in file ibwargsnty.w3d depends on unknown asset bones.tga.
Asset IBWARGSNTY.CYLINDER85 in file ibwargsnty.w3d depends on unknown asset bones.tga.
Asset IBWARGSNTY.OBJECT05 in file ibwargsnty.w3d depends on unknown asset bones.tga.
Asset IBWARGSNTY.CYLINDER84 in file ibwargsnty.w3d depends on unknown asset bones.tga.
Asset IBWARGSNTY.CYLINDER83 in file ibwargsnty.w3d depends on unknown asset bones.tga.
Asset IBWARGSNTY.OBJECT25 in file ibwargsnty.w3d depends on unknown asset bones.tga.
Asset IBWARGSNTY.CYLINDER82 in file ibwargsnty.w3d depends on unknown asset bones.tga.
Asset IBWARGSNTY.CYLINDER81 in file ibwargsnty.w3d depends on unknown asset bones.tga.
Asset IBWARGSNTY.CYLINDER80 in file ibwargsnty.w3d depends on unknown asset bones.tga.
Asset IBWARGSNTY.CYLINDER79 in file ibwargsnty.w3d depends on unknown asset bones.tga.
Asset IBWARGSNTY.CYLINDER78 in file ibwargsnty.w3d depends on unknown asset bones.tga.
Asset IBWARGSNTY.CYLINDER77 in file ibwargsnty.w3d depends on unknown asset bones.tga.
Asset IBWARGSNTY.OBJECT24 in file ibwargsnty.w3d depends on unknown asset bones.tga.
Asset IBWARGSNTY.OBJECT21 in file ibwargsnty.w3d depends on unknown asset bones.tga.
Asset IBWARGSNTY.CYLINDER76 in file ibwargsnty.w3d depends on unknown asset bones.tga.
Asset IBWARGSNTY.CYLINDER75 in file ibwargsnty.w3d depends on unknown asset bones.tga.
Asset IBWARGSNTY.CYLINDER74 in file ibwargsnty.w3d depends on unknown asset bones.tga.
Asset IBWARGSNTY.CYLINDER73 in file ibwargsnty.w3d depends on unknown asset bones.tga.
Asset IBWARGSNTY.OBJECT17 in file ibwargsnty.w3d depends on unknown asset bones.tga.
Asset IBWARGSNTY.OBJECT16 in file ibwargsnty.w3d depends on unknown asset bones.tga.
Asset IBWARGSNTY.OBJECT15 in file ibwargsnty.w3d depends on unknown asset bones.tga.
Asset IBWARGSNTY.CYLINDER72 in file ibwargsnty.w3d depends on unknown asset bones.tga.
Asset IBWARGSNTY.CYLINDER71 in file ibwargsnty.w3d depends on unknown asset bones.tga.
Asset IBWARGSNTY.CYLINDER70 in file ibwargsnty.w3d depends on unknown asset bones.tga.
Asset IBWARGSNTY.CYLINDER69 in file ibwargsnty.w3d depends on unknown asset bones.tga.
Asset IBWARGSNTY.OBJECT14 in file ibwargsnty.w3d depends on unknown asset bones.tga.
Asset IBWARGSNTY.CYLINDER68 in file ibwargsnty.w3d depends on unknown asset bones.tga.
Asset IBWARGSNTY.CYLINDER67 in file ibwargsnty.w3d depends on unknown asset bones.tga.
Asset IBWARGSNTY.CYLINDER66 in file ibwargsnty.w3d depends on unknown asset bones.tga.
Asset IBWARGSNTY.CYLINDER65 in file ibwargsnty.w3d depends on unknown asset bones.tga.
Asset IBWARGSNTY.OBJECT13 in file ibwargsnty.w3d depends on unknown asset bones.tga.
Asset IBWARGSNTY.OBJECT11 in file ibwargsnty.w3d depends on unknown asset bones.tga.
Asset IBWARGSNTY.CYLINDER64 in file ibwargsnty.w3d depends on unknown asset bones.tga.
Asset IBWARGSNTY.CYLINDER63 in file ibwargsnty.w3d depends on unknown asset bones.tga.
Asset IBWARGSNTY.WARG02 in file ibwargsnty.w3d depends on unknown asset ibwargsntryw.tga.
Asset IBWARGSNTY.OBJECT03 in file ibwargsnty.w3d depends on unknown asset bones.tga.
Asset IBWARGSNTY.OBJECT10 in file ibwargsnty.w3d depends on unknown asset bones.tga.
Asset IBWARGSNTY.CYLINDER62 in file ibwargsnty.w3d depends on unknown asset bones.tga.
Asset IBWARGSNTY.CYLINDER60 in file ibwargsnty.w3d depends on unknown asset bones.tga.
Asset IBWARGSNTY.CYLINDER59 in file ibwargsnty.w3d depends on unknown asset bones.tga.
Asset IBWARGSNTY.BIB01 in file ibwargsnty.w3d depends on unknown asset ibwarsntyt.tga.
Asset IBWARGSNTY.GEOSPHERE02 in file ibwargsnty.w3d depends on unknown asset ibwarsnty.tga.
Asset IBWARGSNTY.CYLINDER58 in file ibwargsnty.w3d depends on unknown asset bones.tga.
Asset IBWARGSNTY.OBJECT09 in file ibwargsnty.w3d depends on unknown asset bones.tga.
Asset IBWARGSNTY.OBJECT06 in file ibwargsnty.w3d depends on unknown asset bones.tga.
Asset IBWARGSNTY.CYLINDER54 in file ibwargsnty.w3d depends on unknown asset bones.tga.
Asset INCHRULER.BOX01 in file inchruler.w3d depends on unknown asset inchruler.tga.
Asset IUSIEGBALL_DSKN in file iusiegball_dskn.w3d depends on unknown asset iusiegball_dskn.b_legs.
Asset LIVINGMAP.WATER in file livingmap.w3d depends on unknown asset none.
Asset LM_CORSAIR.OBJECT #0 in file lm_corsair.w3d depends on unknown asset lm_corsair.tga.
Asset LOOMINGCLOUD in file loomingcloud.w3d depends on unknown asset excloudrs01.tga.
Asset LULAMP1.LULAMP1 in file lulamp1.w3d depends on unknown asset lulamp.tga.
Asset LWSDWFFORTLRES.OBJECT06 in file lwsdwffortlres.w3d depends on unknown asset lwsdwffortnew2.tga.
Asset MATTESCREEN.BOX01 in file mattescreen.w3d depends on unknown asset doesntexist.tga.
Asset MBASHFALL.ASHPLANE in file mbashfall.w3d depends on unknown asset exashfall.tga.
Asset MBFLAVAMOAT_A in file mbflavamoat_a.w3d depends on unknown asset h*mbflavamoat_as.
Asset MBMDOOM in file mbmdoom.w3d depends on unknown asset mbmdoom.tga.
Asset MBMDOOM in file mbmdoom.w3d depends on unknown asset mbmdoom_n.tga.
Asset MINTSINONE.GBMTOP4 in file mintsinone.w3d depends on unknown asset gbmt04.tga.
Asset MINTSINONE.GBMTOP4 in file mintsinone.w3d depends on unknown asset mt_stone00.tga.
Asset MINTSINONE.GBMTOP4 in file mintsinone.w3d depends on unknown asset mt_stoneflr.tga.
Asset MINTSINONE.GBMGROUND2 in file mintsinone.w3d depends on unknown asset gbm02.tga.
Asset MINTSINONE.GBMWBUD14_04 in file mintsinone.w3d depends on unknown asset gbfs02.tga.
Asset MMDCRD3WAYA.OBJECT #0 in file mmdcrd3waya.w3d depends on unknown asset 512 check.bmp.
Asset MMDCRDCRNRA.MMDCRDRCRNRA in file mmdcrdcrnra.w3d depends on unknown asset mmdcrdcrnra_lm.tga.
Asset MMDGATEA.GBMTGATEDRR in file mmdgatea.w3d depends on unknown asset mmdgatea.tga.
Asset MMDGATEA.GBMTGATEDRL in file mmdgatea.w3d depends on unknown asset mmdgatea.tga.
Asset MMDGATEA_D.GBMTGATEDRR11 in file mmdgatea_d.w3d depends on unknown asset mmdgatea.tga.
Asset MMDGATEA_D.GBMTGATEDRR10 in file mmdgatea_d.w3d depends on unknown asset mmdgatea.tga.
Asset MMDGATEA_D.GBMTGATEDRR09 in file mmdgatea_d.w3d depends on unknown asset mmdgatea.tga.
Asset MMDGATEA_D.GBMTGATEDRR08 in file mmdgatea_d.w3d depends on unknown asset mmdgatea.tga.
Asset MMDGATEA_D.GBMTGATEDRR07 in file mmdgatea_d.w3d depends on unknown asset mmdgatea.tga.
Asset MMDGATEA_D.GBMTGATEDRR06 in file mmdgatea_d.w3d depends on unknown asset mmdgatea.tga.
Asset MMDGATEA_D.GBMTGATEDRR05 in file mmdgatea_d.w3d depends on unknown asset mmdgatea.tga.
Asset MMDGATEA_D.GBMTGATEDRR04 in file mmdgatea_d.w3d depends on unknown asset mmdgatea.tga.
Asset MMDGATEA_D.GBMTGATEDRR03 in file mmdgatea_d.w3d depends on unknown asset mmdgatea.tga.
Asset MMDGATEA_D.GBMTGATEDRR02 in file mmdgatea_d.w3d depends on unknown asset mmdgatea.tga.
Asset MMDGATEA_D.GBMTGATEDRR01 in file mmdgatea_d.w3d depends on unknown asset mmdgatea.tga.
Asset MMDGATEA_D.GBMTGATEDRR in file mmdgatea_d.w3d depends on unknown asset mmdgatea.tga.
Asset MMDRM2WAYA.PROPS in file mmdrm2waya.w3d depends on unknown asset mmdrm2wayaprop_lm.tga.
Asset MMDRM2WAYA.MMDRM2WAYA2 in file mmdrm2waya.w3d depends on unknown asset mmdrm2waya_lm.tga.
Asset MMDRM2WAYA1.OBJECT05 in file mmdrm2waya1.w3d depends on unknown asset mmdrm2waya_lm.tga.
Asset MMDRM2WAYA1.PROPS in file mmdrm2waya1.w3d depends on unknown asset mmdrm2wayaprop_lm.tga.
Asset MMDRM2WAYA2.OBJECT11 in file mmdrm2waya2.w3d depends on unknown asset mmdrm2wayaprop_lm.tga.
Asset MMDRM2WAYA2.OBJECT02 in file mmdrm2waya2.w3d depends on unknown asset mmdrm2waya_lm.tga.
Asset MMDRM2WAYA3.MMDRM2WAYA2 in file mmdrm2waya3.w3d depends on unknown asset mmdrm2waya_lm.tga.
Asset MMDRM2WAYA4.OBJECT09 in file mmdrm2waya4.w3d depends on unknown asset mmdrm2wayaprop_lm.tga.
Asset MMDRM2WAYA4.OBJECT03 in file mmdrm2waya4.w3d depends on unknown asset mmdrm2waya_lm.tga.
Asset MMDRM2WAYA5.OBJECT10 in file mmdrm2waya5.w3d depends on unknown asset mmdrm2wayaprop_lm.tga.
Asset MMDRM2WAYA5.OBJECT04 in file mmdrm2waya5.w3d depends on unknown asset mmdrm2waya_lm.tga.
Asset MMM3WAYA.BOX01 in file mmm3waya.w3d depends on unknown asset mmm3waya_lm.tga.
Asset MMM3WAYA.BOX01 in file mmm3waya.w3d depends on unknown asset mmmwood01.tga.
Asset MMMSTAIRSA.PLANE04 in file mmmstairsa.w3d depends on unknown asset mmmstairsa_lm.tga.
Asset MMMTURNA.PROPS in file mmmturna.w3d depends on unknown asset mmmturnaprop_lm.tga.
Asset MMMTURNA.GROUND in file mmmturna.w3d depends on unknown asset mmmturna_lm.tga.
Asset MMMTURNA.TURNA in file mmmturna.w3d depends on unknown asset mmmturna_lm.tga.
Asset MMMTURNA1.PROPS in file mmmturna1.w3d depends on unknown asset mmmturnaprop_lm.tga.
Asset MMMTURNA1.GROUND in file mmmturna1.w3d depends on unknown asset mmmturna_lm.tga.
Asset MMMTURNA1.TURNA in file mmmturna1.w3d depends on unknown asset mmmturna_lm.tga.
Asset MMMTURNA2.MESH01 in file mmmturna2.w3d depends on unknown asset mmmturnaprop_lm.tga.
Asset MMMTURNA2.OBJECT03 in file mmmturna2.w3d depends on unknown asset mmmturna_lm.tga.
Asset MMMTURNA3.OBJECT04 in file mmmturna3.w3d depends on unknown asset mmmturna_lm.tga.
Asset MMMTURNA4.OBJECT10 in file mmmturna4.w3d depends on unknown asset mmmturna_lm.tga.
Asset MMMTURNA5.MESH02 in file mmmturna5.w3d depends on unknown asset mmmturnaprop_lm.tga.
Asset MMMTURNA5.OBJECT05 in file mmmturna5.w3d depends on unknown asset mmmturna_lm.tga.
Asset MPMDEBRISA in file mpmdebrisa.w3d depends on unknown asset mpmdebrisa.tga.
Asset MU_BANR_W.OBJ0 in file mu_banr_w.w3d depends on unknown asset xb_gas_01.tga.
Asset MU_MUMAKLS_SKN in file mu_mumakls_skn.w3d depends on unknown asset e_backleft.
Asset MU_MUMAKLS_SKN in file mu_mumakls_skn.w3d depends on unknown asset e_backright.
Asset MU_MUMAKLS_SKN in file mu_mumakls_skn.w3d depends on unknown asset e_frontleft.
Asset MU_MUMAKLS_SKN in file mu_mumakls_skn.w3d depends on unknown asset e_frontright.
Asset MUATKTROLL_DISA in file muatktroll_disa.w3d depends on unknown asset muatktroll_disa.boundingbox.
Asset MUBLKRIDER in file mublkrider.w3d depends on unknown asset mublkrider.boundingbox.
Asset MUCATPD in file mucatpd.w3d depends on unknown asset mucatpd.bounding box.
Asset MUGENHARTNT in file mugenhartnt.w3d depends on unknown asset mugenhartnt.tga.
Asset MUGENHARTNT_D.MUGENHARTNT in file mugenhartnt_d.w3d depends on unknown asset mugenhartntd.tga.
Asset MUGROND_DIEA in file mugrond_diea.w3d depends on unknown asset mugrond_diea.boundingboxg.
Asset MUGROND_DIEB in file mugrond_dieb.w3d depends on unknown asset mugrond_dieb.boundingboxg.
Asset MUGROND_SKN in file mugrond_skn.w3d depends on unknown asset e_grflame.
Asset MUGROND_SKNL in file mugrond_sknl.w3d depends on unknown asset e_grflame.
Asset MUGROND_SKNM in file mugrond_sknm.w3d depends on unknown asset e_grflame.
Asset MUINCINERATOR.MUINCINERATOR in file muincinerator.w3d depends on unknown asset muincinerator.tga.
Asset MUINCINERATOR.MUINCINERATOR in file muincinerator.w3d depends on unknown asset muincinerator2.tga.
Asset MULRKR_SCALTST.MULURKER01 in file mulrkr_scaltst.w3d depends on unknown asset mulurt.tga.
Asset MUMTRLBURN_SKN.MNTTROLL_MESH01 in file mumtrlburn_skn.w3d depends on unknown asset mumttrlburn.tga.
Asset MUMUMAKIL_DIEBF in file mumumakil_diebf.w3d depends on unknown asset mumumakil_diebf.boundingbox.
Asset MUMUMAKIL_SKNL in file mumumakil_sknl.w3d depends on unknown asset e_backleft.
Asset MUMUMAKIL_SKNL in file mumumakil_sknl.w3d depends on unknown asset e_backright.
Asset MUMUMAKIL_SKNL in file mumumakil_sknl.w3d depends on unknown asset e_frontleft.
Asset MUMUMAKIL_SKNL in file mumumakil_sknl.w3d depends on unknown asset e_frontright.
Asset MUMUMAKIL_SKNM in file mumumakil_sknm.w3d depends on unknown asset e_backleft.
Asset MUMUMAKIL_SKNM in file mumumakil_sknm.w3d depends on unknown asset e_backright.
Asset MUMUMAKIL_SKNM in file mumumakil_sknm.w3d depends on unknown asset e_frontleft.
Asset MUMUMAKIL_SKNM in file mumumakil_sknm.w3d depends on unknown asset e_frontright.
Asset MUMUMAKILDIEBF in file mumumakildiebf.w3d depends on unknown asset mumumakildiebf.boundingbox.
Asset MUMUMAKILDIEBFL in file mumumakildiebfl.w3d depends on unknown asset mumumakildiebfl.boundingbox.
Asset MUMUMAKILDIEBFM in file mumumakildiebfm.w3d depends on unknown asset mumumakildiebfm.boundingbox.
Asset MUMUMAKILUP in file mumumakilup.w3d depends on unknown asset mumumakilup.boundingbox01.
Asset MUMUMAKILUPL in file mumumakilupl.w3d depends on unknown asset mumumakilupl.boundingbox01.
Asset MUMUMAKILUPM in file mumumakilupm.w3d depends on unknown asset mumumakilupm.boundingbox01.
Asset MUMUMAKILVDIBF in file mumumakilvdibf.w3d depends on unknown asset mumumakilvdibf.boundingbox.
Asset MUMUMAKILVDIBFL in file mumumakilvdibfl.w3d depends on unknown asset mumumakilvdibfl.boundingbox.
Asset MUMUMAKILVDIBFM in file mumumakilvdibfm.w3d depends on unknown asset mumumakilvdibfm.boundingbox.
Asset MUMUMAKILVDIEBF in file mumumakilvdiebf.w3d depends on unknown asset mumumakilvdiebf.boundingbox.
Asset MUORCPIKE_SKN.ORC PIKEMAN in file muorcpike_skn.w3d depends on unknown asset iuorcpike_01.tga.
Asset MUORCWARR_DEADA in file muorcwarr_deada.w3d depends on unknown asset muorcwarr_deada.boundingbox.
Asset MUORCWARR_DEADB in file muorcwarr_deadb.w3d depends on unknown asset muorcwarr_deadb.boundingbox.
Asset MUORCWARR_DEADC in file muorcwarr_deadc.w3d depends on unknown asset muorcwarr_deadc.boundingbox.
Asset MUORCWARR_DEADD in file muorcwarr_deadd.w3d depends on unknown asset muorcwarr_deadd.boundingbox.
Asset MUORCWARR_DEADE in file muorcwarr_deade.w3d depends on unknown asset muorcwarr_deade.boundingbox.
Asset MUORCWARR_DEADF in file muorcwarr_deadf.w3d depends on unknown asset muorcwarr_deadf.boundingbox.
Asset MUSAURONEYE in file musauroneye.w3d depends on unknown asset musauroneye.box01.
Asset NBHDDEEPINGW.GBMTWALLA02 in file nbhddeepingw.w3d depends on unknown asset gbmt01.tga.
Asset NBHDDEEPINGWDRN.GBMTWALLA03 in file nbhddeepingwdrn.w3d depends on unknown asset gbmt01.tga.
Asset NBHDKEEPWALL.GBMTWALLA04 in file nbhdkeepwall.w3d depends on unknown asset gbmt01.tga.
Asset NBHDMAINWALL.GBMTWALLAADD01 in file nbhdmainwall.w3d depends on unknown asset gbmt01.tga.
Asset NBHDMAINWALL.GBMTWALLA01 in file nbhdmainwall.w3d depends on unknown asset gbmt01.tga.
Asset NBHDRAMP.BOX02 in file nbhdramp.w3d depends on unknown asset gbmt01.tga.
Asset OSBRUINPLOT.OBJECT09 in file osbruinplot.w3d depends on unknown asset osgil_texture03.tga.
Asset OSBRUINPLOT.OBJECT08 in file osbruinplot.w3d depends on unknown asset osgil_texture03.tga.
Asset OSBRUINPLOT.OBJECT07 in file osbruinplot.w3d depends on unknown asset osgil_texture03.tga.
Asset OSBRUINPLOT.OBJECT03 in file osbruinplot.w3d depends on unknown asset osgil_texture03.tga.
Asset OSBRUINPLOT.OBJECT02 in file osbruinplot.w3d depends on unknown asset osgil_texture03.tga.
Asset OSBRUINPLOT.OBJECT031 in file osbruinplot.w3d depends on unknown asset osgil_texture03.tga.
Asset OSBRUINPLOT.PLANE04 in file osbruinplot.w3d depends on unknown asset osgil_texture03.tga.
Asset OSBRUINPLOT.OBJECT05 in file osbruinplot.w3d depends on unknown asset osgil_texture03.tga.
Asset OSBRUINPLOT.GBBARRACKS_PLAN in file osbruinplot.w3d depends on unknown asset gbground.tga.
Asset OSBRUINPLOT.RBARCHRNGE_P in file osbruinplot.w3d depends on unknown asset rbarchrnget.tga.
Asset OSBSTA01_D1.OSBSTA01 in file osbsta01_d1.w3d depends on unknown asset os_ruins_d1.tga.
Asset OSBSTA01_D2.OSBSTA01 in file osbsta01_d2.w3d depends on unknown asset os_ruins_d1.tga.
Asset OSBSTA02_D1.OSBSTA02 in file osbsta02_d1.w3d depends on unknown asset os_ruins_d1.tga.
Asset OSBSTA02_D2.OSBSTA02 in file osbsta02_d2.w3d depends on unknown asset os_ruins_d1.tga.
Asset OSBSTA02L_D1.OS_STATUE02 in file osbsta02l_d1.w3d depends on unknown asset os_ruins_d1.tga.
Asset OSBSTA02L_D2.OS_STATUE02_D1 in file osbsta02l_d2.w3d depends on unknown asset os_ruins_d1.tga.
Asset OSBSTA02M_D1.OS_STATUE02 in file osbsta02m_d1.w3d depends on unknown asset os_ruins_d1.tga.
Asset OSBSTA02M_D2.OS_STATUE02_D1 in file osbsta02m_d2.w3d depends on unknown asset os_ruins_d1.tga.
Asset OSBSTA03_D1.OSBSTA03 in file osbsta03_d1.w3d depends on unknown asset os_ruins_d1.tga.
Asset OSBSTA03_D2.OSBSTA03 in file osbsta03_d2.w3d depends on unknown asset os_ruins_d1.tga.
Asset P_SARCOPH in file p_sarcoph.w3d depends on unknown asset p_sarcoph.tga.
Asset PARTY_TABLES in file party_tables.w3d depends on unknown asset shire tables2_color.tga.
Asset PBATTERINGRAM in file pbatteringram.w3d depends on unknown asset pbatteringram.tga.
Asset PCHEST in file pchest.w3d depends on unknown asset p_chest01.tga.
Asset PCHEST2 in file pchest2.w3d depends on unknown asset p_chest.tga.
Asset PCHEST3 in file pchest3.w3d depends on unknown asset p_chest2.tga.
Asset PCHEST4 in file pchest4.w3d depends on unknown asset p_chest01.tga.
Asset PDEVASTATION.TREE_47 in file pdevastation.w3d depends on unknown asset ptree05.tga.
Asset PDEVASTATION.TREE_46 in file pdevastation.w3d depends on unknown asset ptree05.tga.
Asset PDEVASTATION.TREE_45 in file pdevastation.w3d depends on unknown asset ptree05.tga.
Asset PDEVASTATION.TREE_44 in file pdevastation.w3d depends on unknown asset ptree05.tga.
Asset PDEVASTATION.TREE_43 in file pdevastation.w3d depends on unknown asset ptree05.tga.
Asset PDEVASTATION.TREE_29 in file pdevastation.w3d depends on unknown asset ptree05.tga.
Asset PDEVASTATION.TREE_19 in file pdevastation.w3d depends on unknown asset ptree05.tga.
Asset PDEVASTATION.TREE_18 in file pdevastation.w3d depends on unknown asset ptree05.tga.
Asset PDEVASTATION.TREE_17 in file pdevastation.w3d depends on unknown asset ptree05.tga.
Asset PDEVASTATION.TREE_16 in file pdevastation.w3d depends on unknown asset ptree05.tga.
Asset PDEVASTATION.TREE_15 in file pdevastation.w3d depends on unknown asset ptree05.tga.
Asset PDEVASTATION.TREE_14 in file pdevastation.w3d depends on unknown asset ptree05.tga.
Asset PDEVASTATION.TREE_02 in file pdevastation.w3d depends on unknown asset ptree05.tga.
Asset PHOLESHIELD in file pholeshield.w3d depends on unknown asset p_rollingbomb.tga.
Asset PMETALCHEST in file pmetalchest.w3d depends on unknown asset p_metalchest.tga.
Asset PMETALCHEST2 in file pmetalchest2.w3d depends on unknown asset p_metalchest.tga.
Asset PSUPPLIES04 in file psupplies04.w3d depends on unknown asset boxes_barrels_color.tga.
Asset PTCLUMPS02.PTCLUMPS01 in file ptclumps02.w3d depends on unknown asset ptreeshare03.tga.
Asset PTCLUMPS03.PTCLUMPS01 in file ptclumps03.w3d depends on unknown asset ptreeshare04.tga.
Asset PTOAKFALL2.OBJECT04 in file ptoakfall2.w3d depends on unknown asset ptoakfall2.tga.
Asset PTXWILOW03.PTXWILOW02 in file ptxwilow03.w3d depends on unknown asset ptxwilow03.tga.
Asset RBBARRACKS.RBBARRACKS in file rbbarracks.w3d depends on unknown asset rbbarracks.tga.
Asset RBBARRACKS in file rbbarracks.w3d depends on unknown asset smokemedium01.
Asset RBGOLDHALL_A in file rbgoldhall_a.w3d depends on unknown asset h*rbgoldhall_askl.
Asset RBGOLDHALL_D in file rbgoldhall_d.w3d depends on unknown asset smokemedium01.
Asset RBHDISTAIR2.HDKI_STAIR01B in file rbhdistair2.w3d depends on unknown asset hd01.tga.
Asset RBHDISTAIR2.HDKI_STAIR01B in file rbhdistair2.w3d depends on unknown asset hd04.tga.
Asset RBHDISTAIR2.HDKI_STAIR01B in file rbhdistair2.w3d depends on unknown asset hd06.tga.
Asset RBWATCHTOW_A.GPFLAG03 in file rbwatchtow_a.w3d depends on unknown asset rbarchrngeb.tga.
Asset RBWATCHTOW_A.GPFLAG01 in file rbwatchtow_a.w3d depends on unknown asset rbarchrngeb.tga.
Asset RBWATCHTOW_A.GPFLAG02 in file rbwatchtow_a.w3d depends on unknown asset rbarchrngeb.tga.
Asset RBWATCHTOW_A in file rbwatchtow_a.w3d depends on unknown asset h*rbwatchtow_askl.
Asset RCMILITIA_SKN.RCMILITIA_SKN in file rcmilitia_skn.w3d depends on unknown asset soldier_02.tga.
Asset RCMILITIA_SKN.RCMILITIA_SKN in file rcmilitia_skn.w3d depends on unknown asset weapons_01.tga.
Asset RCMILITIA_SKN in file rcmilitia_skn.w3d depends on unknown asset h*rcmilitia_skl.
Asset REDBOX in file redbox.w3d depends on unknown asset redbox.tga.
Asset RUENTROCK_D1D in file ruentrock_d1d.w3d depends on unknown asset ruentrock_d1d.d1d	.
Asset RUHHS_THEO_M in file ruhhs_theo_m.w3d depends on unknown asset ruhhs_theo_m.boundingbox.
Asset RUIN.BIB in file ruin.w3d depends on unknown asset bib.tga.
Asset RUIN.CBHARRUIN09 in file ruin.w3d depends on unknown asset .
Asset RUIN2.BUILDING in file ruin2.w3d depends on unknown asset .
Asset RUIN2.BIB in file ruin2.w3d depends on unknown asset bib.tga.
Asset RUIN2M.BUILDING in file ruin2m.w3d depends on unknown asset .
Asset RUIN2M.BIB in file ruin2m.w3d depends on unknown asset bib.tga.
Asset RUIN2S.BUILDING in file ruin2s.w3d depends on unknown asset .
Asset RUIN2S.BIB in file ruin2s.w3d depends on unknown asset bib.tga.
Asset RUINM.BIB in file ruinm.w3d depends on unknown asset bib.tga.
Asset RUINS.BIB in file ruins.w3d depends on unknown asset bib.tga.
Asset RUINTWR in file ruintwr.w3d depends on unknown asset ruintwr.ob.
Asset RUINTWR_D in file ruintwr_d.w3d depends on unknown asset ruintwr_d.ob.
Asset RUINTWR_D1 in file ruintwr_d1.w3d depends on unknown asset ruintwr_d1.ob.
Asset RUINTWR_D1L in file ruintwr_d1l.w3d depends on unknown asset ruintwr_d1l.ob.
Asset RUINTWR_D1M in file ruintwr_d1m.w3d depends on unknown asset ruintwr_d1m.ob.
Asset RUINTWR_D2 in file ruintwr_d2.w3d depends on unknown asset ruintwr_d2.ob.
Asset RUINTWR_D2L in file ruintwr_d2l.w3d depends on unknown asset ruintwr_d2l.ob.
Asset RUINTWR_D2M in file ruintwr_d2m.w3d depends on unknown asset ruintwr_d2m.ob.
Asset RUINTWR_OPEN in file ruintwr_open.w3d depends on unknown asset ruintwr_open.ob.
Asset RUINTWRL in file ruintwrl.w3d depends on unknown asset ruintwrl.ob.
Asset RUINTWRM in file ruintwrm.w3d depends on unknown asset ruintwrm.ob.
Asset RUINTWRSN in file ruintwrsn.w3d depends on unknown asset ruintwrsn.ob.
Asset RUPSNT_2_SKN in file rupsnt_2_skn.w3d depends on unknown asset h*rupsnt_2_skl.
Asset RUPSNT_2_SKNL in file rupsnt_2_sknl.w3d depends on unknown asset h*rupsnt_2_skl.
Asset RUPSNT_2_SKNM in file rupsnt_2_sknm.w3d depends on unknown asset h*rupsnt_2_skl.
Asset RUSAM_PSNGR.RING in file rusam_psngr.w3d depends on unknown asset rufrodo_ring01.tga.
Asset RUSAM_PSNGR in file rusam_psngr.w3d depends on unknown asset rusam_psngr.boundingbox.
Asset SFE_DOOM.MTDOOM in file sfe_doom.w3d depends on unknown asset tmcliff02a.tga.
Asset SFE_DOOM.MTDOOM in file sfe_doom.w3d depends on unknown asset tmcliff05a.tga.
Asset SFE_DOOM.PLANE04 in file sfe_doom.w3d depends on unknown asset sfe_smoke02.tga.
Asset SFE_DOOM.PLANE11 in file sfe_doom.w3d depends on unknown asset sfe_smoke02.tga.
Asset SFE_DOOM.PLANE10 in file sfe_doom.w3d depends on unknown asset sfe_smoke02.tga.
Asset SFE_DOOM.PLANE09 in file sfe_doom.w3d depends on unknown asset tmcliff02a.tga.
Asset SFE_DOOM.PLANE09 in file sfe_doom.w3d depends on unknown asset tmcliff05a.tga.
Asset SFE_DOOM.PLANE01 in file sfe_doom.w3d depends on unknown asset sfe_smoke02.tga.
Asset SFE_DOOM.PLANE05 in file sfe_doom.w3d depends on unknown asset tmcliff02a.tga.
Asset SFE_DOOM.PLANE05 in file sfe_doom.w3d depends on unknown asset tmcliff05a.tga.
Asset SFE_EYE.PLANE02 in file sfe_eye.w3d depends on unknown asset sfe_tower.tga.
Asset SFE_EYE.BOX16 in file sfe_eye.w3d depends on unknown asset sfe_tower.tga.
Asset SFE_EYE.BOX12 in file sfe_eye.w3d depends on unknown asset sfe_tower.tga.
Asset SFE_EYE.MESH11 in file sfe_eye.w3d depends on unknown asset sfe_tower.tga.
Asset SFE_EYE.PLANE07 in file sfe_eye.w3d depends on unknown asset sfe_tower.tga.
Asset SFE_EYE.BOX09 in file sfe_eye.w3d depends on unknown asset sfe_tower.tga.
Asset SFE_EYE.BOX08 in file sfe_eye.w3d depends on unknown asset sfe_tower.tga.
Asset SKY_ATMSPHR02 in file sky_atmsphr02.w3d depends on unknown asset skydomehaze.tga.
Asset SKYBOX01.MOUNTAINS in file skybox01.w3d depends on unknown asset sb_color2.tga.
Asset SKYBOX01.MOUNTAINS in file skybox01.w3d depends on unknown asset sb_mount02.tga.
Asset SKYBOX01.CLOUDS in file skybox01.w3d depends on unknown asset sb_clouds.tga.
Asset SKYBOX01.CLOUDS in file skybox01.w3d depends on unknown asset sb_color.tga.
Asset SKYBOX_CAH.SB_DUSK in file skybox_cah.w3d depends on unknown asset skybox_x1.tga.
Asset SKYBOX_FXWATER.INNER in file skybox_fxwater.w3d depends on unknown asset skybox_fxwatertest_inner.tga.
Asset SKYBOX_FXWATER.OUTER in file skybox_fxwater.w3d depends on unknown asset skybox_fxwatertest.tga.
Asset SKYBOX_MATRIX in file skybox_matrix.w3d depends on unknown asset skybox_matrix_1.tga.
Asset SKYBOX_MORNING2 in file skybox_morning2.w3d depends on unknown asset skybox_morning_2.tga.
Asset SKYBOX_X1 in file skybox_x1.w3d depends on unknown asset skybox_x1.tga.
Asset SKYBOXBLUERT.MESH07 in file skyboxbluert.w3d depends on unknown asset sky_blue_g.tga.
Asset SKYBOXBLUERT.MESH06 in file skyboxbluert.w3d depends on unknown asset sky_blue_f.tga.
Asset SKYBOXBLUERT.MESH05 in file skyboxbluert.w3d depends on unknown asset sky_blue_e.tga.
Asset SKYBOXBLUERT.MESH04 in file skyboxbluert.w3d depends on unknown asset sky_blue_d.tga.
Asset SKYBOXBLUERT.MESH03 in file skyboxbluert.w3d depends on unknown asset sky_blue_c.tga.
Asset SKYBOXBLUERT.MESH02 in file skyboxbluert.w3d depends on unknown asset sky_blue_b.tga.
Asset SKYBOXBLUERT.MESH01 in file skyboxbluert.w3d depends on unknown asset sky_blue_a.tga.
Asset SKYBOXBLUERT.SPHERE02 in file skyboxbluert.w3d depends on unknown asset sky_blue_h.tga.
Asset SKYBOXBRNMNT.CYLINDER01 in file skyboxbrnmnt.w3d depends on unknown asset skyboxbrnm.tga.
Asset SKYBOXBRNMNTB.CYLINDER01 in file skyboxbrnmntb.w3d depends on unknown asset skyboxbrnmb.tga.
Asset SKYBOXCLOUDS01.OBJECT #03 in file skyboxclouds01.w3d depends on unknown asset excloudrs09.tga.
Asset SKYBOXCLOUDS01.OBJECT #01 in file skyboxclouds01.w3d depends on unknown asset excloudrs09.tga.
Asset SKYBOXCLOUDS01.OBJECT #0 in file skyboxclouds01.w3d depends on unknown asset excloudrs09.tga.
Asset SKYBOXDARKRT.MESH07 in file skyboxdarkrt.w3d depends on unknown asset sky_dark_g.tga.
Asset SKYBOXDARKRT.MESH06 in file skyboxdarkrt.w3d depends on unknown asset sky_dark_f.tga.
Asset SKYBOXDARKRT.MESH05 in file skyboxdarkrt.w3d depends on unknown asset sky_dark_e.tga.
Asset SKYBOXDARKRT.MESH04 in file skyboxdarkrt.w3d depends on unknown asset sky_dark_d.tga.
Asset SKYBOXDARKRT.MESH03 in file skyboxdarkrt.w3d depends on unknown asset sky_dark_c.tga.
Asset SKYBOXDARKRT.MESH02 in file skyboxdarkrt.w3d depends on unknown asset sky_dark_b.tga.
Asset SKYBOXDARKRT.MESH01 in file skyboxdarkrt.w3d depends on unknown asset sky_dark_a.tga.
Asset SKYBOXDARKRT.SPHERE02 in file skyboxdarkrt.w3d depends on unknown asset sky_dark_h.tga.
Asset SKYBOXDOOM.OBJECT #03 in file skyboxdoom.w3d depends on unknown asset skyboxmtd03.tga.
Asset SKYBOXDOOM.MESH01 in file skyboxdoom.w3d depends on unknown asset skyboxmtd02.tga.
Asset SKYBOXDOOM.CYLINDER03 in file skyboxdoom.w3d depends on unknown asset skyboxmtd01.tga.
Asset SKYBOXDOOM.OBJECT #01 in file skyboxdoom.w3d depends on unknown asset excloudrs13.tga.
Asset SKYBOXDUSK.SPHERE01 in file skyboxdusk.w3d depends on unknown asset skyboxduska.tga.
Asset SKYBOXGRNMNT in file skyboxgrnmnt.w3d depends on unknown asset skyboxgrnh.tga.
Asset SKYBOXGRYMNT in file skyboxgrymnt.w3d depends on unknown asset skyboxgrey.tga.
Asset SKYBOXLITERT in file skyboxlitert.w3d depends on unknown asset skybox_litert.tga.
Asset SKYBOXMOAT.INNER in file skyboxmoat.w3d depends on unknown asset sky_moat.tga.
Asset SKYBOXNIGHT in file skyboxnight.w3d depends on unknown asset lightningnode.
Asset SKYBOXNIGHTB.SPHERE03 in file skyboxnightb.w3d depends on unknown asset skyboxnightgda.tga.
Asset SKYBOXNIGHTB.SPHERE01 in file skyboxnightb.w3d depends on unknown asset skyboxnightstarsb.tga.
Asset SKYBOXNIGHTC.CYLINDER04 in file skyboxnightc.w3d depends on unknown asset excloudrs22.tga.
Asset SKYBOXNIGHTC.SPHERE03 in file skyboxnightc.w3d depends on unknown asset skyboxnightgda.tga.
Asset SKYBOXNIGHTC.SPHERE01 in file skyboxnightc.w3d depends on unknown asset skyboxnightstarsb.tga.
Asset SKYBOXPINKRT in file skyboxpinkrt.w3d depends on unknown asset skybox_pinkrt.tga.
Asset SKYBOXYLWRT.MESH07 in file skyboxylwrt.w3d depends on unknown asset sky_yellow_g.tga.
Asset SKYBOXYLWRT.MESH06 in file skyboxylwrt.w3d depends on unknown asset sky_yellow_f.tga.
Asset SKYBOXYLWRT.MESH05 in file skyboxylwrt.w3d depends on unknown asset sky_yellow_e.tga.
Asset SKYBOXYLWRT.MESH04 in file skyboxylwrt.w3d depends on unknown asset sky_yellow_d.tga.
Asset SKYBOXYLWRT.MESH03 in file skyboxylwrt.w3d depends on unknown asset sky_yellow_c.tga.
Asset SKYBOXYLWRT.MESH02 in file skyboxylwrt.w3d depends on unknown asset sky_yellow_b.tga.
Asset SKYBOXYLWRT.MESH01 in file skyboxylwrt.w3d depends on unknown asset sky_yellow_a.tga.
Asset SKYBOXYLWRT.SPHERE02 in file skyboxylwrt.w3d depends on unknown asset sky_yellow_h.tga.
Asset SKYDOME004 in file skydome004.w3d depends on unknown asset skydome004.tga.
Asset SKYDOME011 in file skydome011.w3d depends on unknown asset skydome011.tga.
Asset SKYDOME015 in file skydome015.w3d depends on unknown asset skydome015.tga.
Asset SKYDOME019 in file skydome019.w3d depends on unknown asset skydome019.tga.
Asset SKYDOMEDRKCLD4 in file skydomedrkcld4.w3d depends on unknown asset skydomedrkcld4.tga.
Asset SKYPAN360_008 in file skypan360_008.w3d depends on unknown asset skypan360_008.tga.
Asset SKYPAN360_012 in file skypan360_012.w3d depends on unknown asset skypan360_012.tga.
Asset SKYPAN360_014 in file skypan360_014.w3d depends on unknown asset skypan360_014.tga.
Asset SKYPAN360_015 in file skypan360_015.w3d depends on unknown asset skypan360_015.tga.
Asset SKYPAN360_019 in file skypan360_019.w3d depends on unknown asset skypan360_019.tga.
Asset SKYPAN360_019A in file skypan360_019a.w3d depends on unknown asset skypan360_019a.tga.
Asset SKYPAN360_022 in file skypan360_022.w3d depends on unknown asset skypan360_022.tga.
Asset SKYPAN360_025 in file skypan360_025.w3d depends on unknown asset skypan360_025.tga.
Asset TABLES in file tables.w3d depends on unknown asset shire tables_color.tga.
Asset TESTWAKEFX in file testwakefx.w3d depends on unknown asset shroud.dds.
Asset TESTWAKEFX in file testwakefx.w3d depends on unknown asset waterreflection.dds.
Asset TRCORNER01.TRCORNER03 in file trcorner01.w3d depends on unknown asset trcorner01.tga.
Asset TRCORNER02.TRCORNER03 in file trcorner02.w3d depends on unknown asset trcorner02.tga.
Asset WATERFX_ARNOR in file waterfx_arnor.w3d depends on unknown asset shroud.dds.
Asset WATERFX_ARNOR in file waterfx_arnor.w3d depends on unknown asset tropicalenv.tga.
Asset WATERFX_ARNOR in file waterfx_arnor.w3d depends on unknown asset waterreflection.dds.
Asset WATERFXTEST2 in file waterfxtest2.w3d depends on unknown asset shroud.dds.
Asset WATERFXTEST2 in file waterfxtest2.w3d depends on unknown asset waterreflection.dds.
Asset WATERPLANEFX in file waterplanefx.w3d depends on unknown asset shroud.dds.
Asset WATERPLANEFX in file waterplanefx.w3d depends on unknown asset waterreflection.dds.
Asset WATERTEST in file watertest.w3d depends on unknown asset skyenv.tga.
Asset WBSPDPT_SKN.SPI PIT in file wbspdpt_skn.w3d depends on unknown asset default.fx.
Asset WBSPDPT_SKN.ROCK in file wbspdpt_skn.w3d depends on unknown asset default.fx.
Asset WTR_ARGONATH in file wtr_argonath.w3d depends on unknown asset none.
Asset WTR_ARGONATHM in file wtr_argonathm.w3d depends on unknown asset none.
Asset WTR_ARNOR in file wtr_arnor.w3d depends on unknown asset none.
Asset WTR_ARNORM in file wtr_arnorm.w3d depends on unknown asset none.
Asset WTR_CELDUINM in file wtr_celduinm.w3d depends on unknown asset none.
Asset WTR_DOLGUL in file wtr_dolgul.w3d depends on unknown asset none.
Asset WTR_DOLGUL2 in file wtr_dolgul2.w3d depends on unknown asset none.
Asset WTR_DOLGUL2M in file wtr_dolgul2m.w3d depends on unknown asset none.
Asset WTR_DOLGULM in file wtr_dolgulm.w3d depends on unknown asset none.
Asset WTR_GAPOFROHAN in file wtr_gapofrohan.w3d depends on unknown asset none.
Asset WTR_IRONHILLS in file wtr_ironhills.w3d depends on unknown asset none.
Asset WTR_IRONHILLSM in file wtr_ironhillsm.w3d depends on unknown asset none.
Asset WTR_MIRKWOOD in file wtr_mirkwood.w3d depends on unknown asset none.
Asset WTR_MIRKWOODRV in file wtr_mirkwoodrv.w3d depends on unknown asset none.
Asset WTR_MOAT in file wtr_moat.w3d depends on unknown asset none.
Asset WTR_MOATCAVE in file wtr_moatcave.w3d depends on unknown asset none.
Asset WTR_MOATCAVEM in file wtr_moatcavem.w3d depends on unknown asset none.
Asset WTR_MOATM in file wtr_moatm.w3d depends on unknown asset none.
Asset WTR_RIV01 in file wtr_riv01.w3d depends on unknown asset none.
Asset WTR_RIV01M in file wtr_riv01m.w3d depends on unknown asset none.
Asset WTR_RIV02 in file wtr_riv02.w3d depends on unknown asset none.
Asset WTR_RIV03 in file wtr_riv03.w3d depends on unknown asset none.
Asset WTR_RIV03M in file wtr_riv03m.w3d depends on unknown asset none.
Asset WTR_RIV04 in file wtr_riv04.w3d depends on unknown asset none.
Asset WTR_RIV_POND in file wtr_riv_pond.w3d depends on unknown asset none.
Asset WTR_RIV_PONDM in file wtr_riv_pondm.w3d depends on unknown asset none.
Asset WTR_TESTNEWSB in file wtr_testnewsb.w3d depends on unknown asset none.
Asset WUMNTGNT in file wumntgnt.w3d depends on unknown asset wumntgnt.boundingbox.
