Internal hierarchy is named BB_INTERIORBRID; Could not get info for art\w3d\bb\bb_interiorbridge.w3d
Internal mesh is named BB_MOUNTAINSMAL; Could not get info for art\w3d\bb\bb_mountainsmall.w3d
Internal mesh is named CBDOCKBRIDGE_01; Could not get info for art\w3d\cb\cbdockbridge_01_d1.w3d
Internal hierarchy is named CBDOCKBRIDGE_01; Could not get info for art\w3d\cb\cbdockbridge_01_d2.w3d
Internal hierarchy is named CBDOCKBRIDGE_01; Could not get info for art\w3d\cb\cbdockbridge_01_d3.w3d
Internal hierarchy is named CBDOLGULTOWER2B; Could not get info for art\w3d\cb\cbdolgultower2bl.w3d
Internal mesh is named CBDOLGULTOWER2; Could not get info for art\w3d\cb\cbdolgultower2c.w3d
Internal mesh is named PTGRASS03; Could not get info for art\w3d\ci\cine_bones02.w3d
Internal mesh is named PTGRASS03; Could not get info for art\w3d\ci\cine_bones03.w3d
Internal mesh is named PTGRASS03; Could not get info for art\w3d\ci\cine_bones04.w3d
Internal hierarchy is named EB_CEILINGUP02I; Could not get info for art\w3d\eb\eb_ceilingup02in.w3d
Internal hierarchy is named EB_CEILINGUP02O; Could not get info for art\w3d\eb\eb_ceilingup02out.w3d
Internal hierarchy is named EBBBATTLETWR_BI; Could not get info for art\w3d\eb\ebbbattletwr_bibl.w3d
Internal hierarchy is named EBFORTRESSRAM_D; Could not get info for art\w3d\eb\ebfortressram_d1.w3d
Internal animation is named EUHALDIR_CHRS_T; Could not get info for art\w3d\eu\euhaldir_chrs_t2.w3d
Internal animation is named EUHALDIR_IDLC_T; Could not get info for art\w3d\eu\euhaldir_idlc_t1.w3d
Internal animation is named EUHALDIR_IDLC_T; Could not get info for art\w3d\eu\euhaldir_idlc_t3.w3d
Internal animation is named EUHALDIR_IDLD_X; Could not get info for art\w3d\eu\euhaldir_idld_x1.w3d
Internal animation is named EUHALDIR_RUNO_T; Could not get info for art\w3d\eu\euhaldir_runo_t3.w3d
Internal animation is named EUHALDIR_RUNO_T; Could not get info for art\w3d\eu\euhaldir_runo_t4.w3d
Internal animation is named EUHALDIR_TNTSV1; Could not get info for art\w3d\eu\euhaldir_tntsv1_t2.w3d
Internal mesh is named PTGRASS03; Could not get info for art\w3d\gb\gbmtnewfinal.w3d
Internal hierarchy is named GBWALLRAMPART; Could not get info for art\w3d\mb\mbwallrampart.w3d
Internal hierarchy is named GBWALLRAMPS; Could not get info for art\w3d\mb\mbwallramps.w3d
Internal animation is named MUBLKRIDER_WLKA; Could not get info for art\w3d\mu\mublkrider_wlkab.w3d
Internal hierarchy is named NBGOBLINLAIR_BI; Could not get info for art\w3d\nb\nbgoblinlair_bib.w3d
Internal hierarchy is named LIGHTNING; Could not get info for art\w3d\pl\plightning.w3d
Internal mesh is named PTGRASSEREG01; Could not get info for art\w3d\pt\ptgrassereg02.w3d
Internal mesh is named PTGRASSEREG01; Could not get info for art\w3d\pt\ptgrassereg03.w3d
Internal mesh is named PTGRASSEREG01; Could not get info for art\w3d\pt\ptgrassereg04.w3d
Internal mesh is named PTGRASSEREG01; Could not get info for art\w3d\pt\ptgrassereg05.w3d
Internal mesh is named RIPPLE01; Could not get info for art\w3d\p_\p_waterripples.w3d
Internal box is named RUARCHER_SKN.BOUNDINGBOX; Could not get info for art\w3d\ru\ruarcherbfme1_skn.w3d
Internal animation is named RUELROND_IDLC_T; Could not get info for art\w3d\ru\ruelrond_idlct3.w3d
Internal animation is named RUELROND_TNTSV1; Could not get info for art\w3d\ru\ruelrond_tntsv1_t2.w3d
Internal hierarchy is named RUPSNT_1_SKL; Could not get info for art\w3d\ru\rupsnt_2_skl.w3d
Internal mesh is named PTGRASS03; Could not get info for art\w3d\sh\shell04brddur.w3d
Internal mesh is named PTGRASS03; Could not get info for art\w3d\sh\shellmap01.w3d
Internal mesh is named RIPPLE02; Could not get info for art\w3d\wa\waterripple02.w3d
Internal mesh is named RIPPLE03; Could not get info for art\w3d\wa\waterripple03.w3d
Internal hierarchy is named WBFISSURE_BIBV2; Could not get info for art\w3d\wb\wbfissure_bibv2l.w3d
Internal hierarchy is named GBWALLRAMPART; Could not get info for art\w3d\wb\wbwallrampart.w3d
Internal hierarchy is named GBWALLRAMPS; Could not get info for art\w3d\wb\wbwallramps.w3d
Asset A*IUSIEGBALL_SKL.IUSIEGBALL_IDLA has same ID as EBSIEGE.EBBARRACKS01!!!
