Start at Saturday, January 09, 2010    19:06:55
=========================================

Registration Info : 051F-2K2G-6P0N-4R6W-0M3E-4M08

Windows Version:
Microsoft Windows XP Home Edition Service Pack 3 (Build 2600)

Module Info:
Company: fCoder, Ltd.
Product Name: ImageConverter Plus
Product Version: 7.0.2.61103

CPU Info:
Vendor: GenuineIntel
Vendor ID: Intel Corporation
Extended Processor Name: Pentium® III (0.25 µm)
Procesor Clock Frequecy: 2999
Logical processors per physical: 2
Stepping code: 10
MMX support: yes
MMX+ support: no
SSE support: yes
SSE2 support: yes
3DNow suppor: no
3DNow+ suppor: no
AI64 support: no
Hyperthreading support: no
L1 cache size: -1
L2 cache size: -1
L3 cache size: -1

Monitor info:
Color depth: 32 Bits per pixel.
Pixel Width: 1280
Pixel Height: 1024
Refresh frequency: 60 Hz

Internet Explorer Version: 6.1
Build Number: 7600

Printers list: 
Microsoft XPS Document Writer
HP Color LaserJet 2600n
Fax
Canon MP800R Series Printer

Default printer: 
HP Color LaserJet 2600n


Script settings:

Operations:

Format properties:
    Extension: tga
    more_collapse = 0
    bpp = 0
    rle_compress = 0
    quantization = 0
    dithering = 1

Save properties:
    Destination path: {Source path}
    convert_with_subfolders = 0
    restore_subfolders = 0
    open_target = 0
    create_log = 0

Target file name properties:
    Name template: {Title}.{Type}
    exists_op = 1

Processing files...

=====================================================================

File 1 of 1

RAM free    :     975.2 of    1024.0 Mb
Virtual free:    1905.3 of    2047.9 Mb
Target free disk space :   87717.9 of  190779.7 Mb
Temp free disk space   :   48981.6 of   76317.0 Mb

Src info : E:\BFME2 Modding\BFME2\Extracted Bigz\art\compiledtextures\sb\sb2.dds
dds, 2048x2048px, 32bpp, 12 page(s), 5592560 bytes
Load all pages :  ok

Save :  ok

Dest info : E:\BFME2 Modding\BFME2\Extracted Bigz\art\compiledtextures\sb\\sb2.tga
tga, 2048x2048px, 32bpp, 1 page(s), 16777790 bytes

exists : rename :  ok

Save :  ok

Dest info : E:\BFME2 Modding\BFME2\Extracted Bigz\art\compiledtextures\sb\\sb2 (1).tga
tga, 1024x1024px, 32bpp, 1 page(s), 4194878 bytes

exists : rename :  ok

Save :  ok

Dest info : E:\BFME2 Modding\BFME2\Extracted Bigz\art\compiledtextures\sb\\sb2 (2).tga
tga, 512x512px, 32bpp, 1 page(s), 1049150 bytes

exists : rename :  ok

Save :  ok

Dest info : E:\BFME2 Modding\BFME2\Extracted Bigz\art\compiledtextures\sb\\sb2 (3).tga
tga, 256x256px, 32bpp, 1 page(s), 262718 bytes

exists : rename :  ok

Save :  ok

Dest info : E:\BFME2 Modding\BFME2\Extracted Bigz\art\compiledtextures\sb\\sb2 (4).tga
tga, 128x128px, 32bpp, 1 page(s), 66110 bytes

exists : rename :  ok

Save :  ok

Dest info : E:\BFME2 Modding\BFME2\Extracted Bigz\art\compiledtextures\sb\\sb2 (5).tga
tga, 64x64px, 32bpp, 1 page(s), 16958 bytes

exists : rename :  ok

Save :  ok

Dest info : E:\BFME2 Modding\BFME2\Extracted Bigz\art\compiledtextures\sb\\sb2 (6).tga
tga, 32x32px, 32bpp, 1 page(s), 4670 bytes

exists : rename :  ok

Save :  ok

Dest info : E:\BFME2 Modding\BFME2\Extracted Bigz\art\compiledtextures\sb\\sb2 (7).tga
tga, 16x16px, 32bpp, 1 page(s), 1598 bytes

exists : rename :  ok

Save :  ok

Dest info : E:\BFME2 Modding\BFME2\Extracted Bigz\art\compiledtextures\sb\\sb2 (8).tga
tga, 8x8px, 32bpp, 1 page(s), 830 bytes

exists : rename :  ok

Save :  ok

Dest info : E:\BFME2 Modding\BFME2\Extracted Bigz\art\compiledtextures\sb\\sb2 (9).tga
tga, 4x4px, 32bpp, 1 page(s), 638 bytes

exists : rename :  ok

Save :  ok

Dest info : E:\BFME2 Modding\BFME2\Extracted Bigz\art\compiledtextures\sb\\sb2 (10).tga
tga, 2x2px, 32bpp, 1 page(s), 590 bytes

exists : rename :  ok

Save :  ok

Dest info : E:\BFME2 Modding\BFME2\Extracted Bigz\art\compiledtextures\sb\\sb2 (11).tga
tga, 1x1px, 32bpp, 1 page(s), 578 bytes

Complete at Saturday, January 09, 2010    19:06:57
=========================================
