Start at Thursday, January 14, 2010    23:57:06
=========================================

Registration Info : 051F-2K2G-6P0N-4R6W-0M3E-4M08

Windows Version:
Microsoft Windows XP Home Edition Service Pack 3 (Build 2600)

Module Info:
Company: fCoder, Ltd.
Product Name: ImageConverter Plus
Product Version: 7.0.2.61103

CPU Info:
Vendor: GenuineIntel
Vendor ID: Intel Corporation
Extended Processor Name: Pentium® III (0.25 µm)
Procesor Clock Frequecy: 2999
Logical processors per physical: 2
Stepping code: 10
MMX support: yes
MMX+ support: no
SSE support: yes
SSE2 support: yes
3DNow suppor: no
3DNow+ suppor: no
AI64 support: no
Hyperthreading support: no
L1 cache size: -1
L2 cache size: -1
L3 cache size: -1

Monitor info:
Color depth: 32 Bits per pixel.
Pixel Width: 1280
Pixel Height: 1024
Refresh frequency: 60 Hz

Internet Explorer Version: 6.1
Build Number: 7600

Printers list: 
Microsoft XPS Document Writer
HP Color LaserJet 2600n
Fax
Canon MP800R Series Printer

Default printer: 
HP Color LaserJet 2600n


Script settings:

Operations:

Format properties:
    Extension: psd
    rle_compress = 0

Save properties:
    Destination path: {Source path}
    convert_with_subfolders = 0
    restore_subfolders = 0
    open_target = 0
    create_log = 0

Target file name properties:
    Name template: {Title}.{Type}
    exists_op = 1

Processing files...

=====================================================================

File 1 of 1

RAM free    :     831.6 of    1024.0 Mb
Virtual free:    1905.3 of    2047.9 Mb
Target free disk space :   94340.2 of  190779.7 Mb
Temp free disk space   :   48482.8 of   76317.0 Mb

Src info : E:\BFME2 Modding\BFME2\Extracted Bigz\art\compiledtextures\he\heroui_029.dds
dds, 256x256px, 32bpp, 9 page(s), 87536 bytes
Load all pages :  ok

Save :  ok

Dest info : E:\BFME2 Modding\BFME2\Extracted Bigz\art\compiledtextures\he\\heroui_029.psd
psd, 256x256px, 32bpp, 1 page(s), 72.000000x72.000000 dpi, 524504 bytes

exists : rename :  ok

Save : Can't save file! Error code = BADA (Bad argument)

exists : rename :  ok

Save : Can't save file! Error code = BADA (Bad argument)

exists : rename :  ok

Save : Can't save file! Error code = BADA (Bad argument)

exists : rename :  ok

Save : Can't save file! Error code = BADA (Bad argument)

exists : rename :  ok

Save : Can't save file! Error code = BADA (Bad argument)

exists : rename :  ok

Save : Can't save file! Error code = BADA (Bad argument)

exists : rename :  ok

Save : Can't save file! Error code = BADA (Bad argument)

exists : rename :  ok

Save : Can't save file! Error code = BADA (Bad argument)

Complete at Thursday, January 14, 2010    23:57:07
=========================================
